{"numTotalTestSuites":2,"numPassedTestSuites":0,"numFailedTestSuites":2,"numPendingTestSuites":0,"numTotalTests":1,"numPassedTests":0,"numFailedTests":1,"numPendingTests":0,"numTodoTests":0,"snapshot":{"added":0,"failure":false,"filesAdded":0,"filesRemoved":0,"filesRemovedList":[],"filesUnmatched":0,"filesUpdated":0,"matched":0,"total":0,"unchecked":0,"uncheckedKeysByFile":[],"unmatched":0,"updated":0,"didUpdate":false},"startTime":1790145353739,"success":false,"testResults":[{"assertionResults":[{"ancestorTitles":["Acciones rápidas del estudiante"],"fullName":"Acciones rápidas del estudiante muestra un botón de acciones rápidas por fila para entrar al reporte semanal o registro de vuelo","status":"failed","title":"muestra un botón de acciones rápidas por fila para entrar al reporte semanal o registro de vuelo","duration":1077.0836,"failureMessages":["Error: Found multiple elements with the role \"button\" and name `/abrir acciones rápidas para/i`\n\nHere are the matching elements:\n\nIgnored nodes: comments, script, style\n\u001b[36m<button\u001b[39m\n  \u001b[33maria-label\u001b[39m=\u001b[32m\"Abrir acciones rápidas para Príncipe Mejía, Alexander\"\u001b[39m\n  \u001b[33mclass\u001b[39m=\u001b[32m\"inline-flex h-8 w-8 items-center justify-center rounded-lg border border-line bg-surface-0 text-ink-500 transition-colors hover:border-brand-500 hover:bg-brand-50 hover:text-brand-700 focus-visible:outline-none focus-visible:ring-2 focus-visible:ring-brand-500\"\u001b[39m\n  \u001b[33mtitle\u001b[39m=\u001b[32m\"Acciones rápidas\"\u001b[39m\n  \u001b[33mtype\u001b[39m=\u001b[32m\"button\"\u001b[39m\n\u001b[36m>\u001b[39m\n  \u001b[36m<svg\u001b[39m\n    \u001b[33maria-hidden\u001b[39m=\u001b[32m\"true\"\u001b[39m\n    \u001b[33mclass\u001b[39m=\u001b[32m\"lucide lucide-ellipsis h-4 w-4\"\u001b[39m\n    \u001b[33mfill\u001b[39m=\u001b[32m\"none\"\u001b[39m\n    \u001b[33mheight\u001b[39m=\u001b[32m\"24\"\u001b[39m\n    \u001b[33mstroke\u001b[39m=\u001b[32m\"currentColor\"\u001b[39m\n    \u001b[33mstroke-linecap\u001b[39m=\u001b[32m\"round\"\u001b[39m\n    \u001b[33mstroke-linejoin\u001b[39m=\u001b[32m\"round\"\u001b[39m\n    \u001b[33mstroke-width\u001b[39m=\u001b[32m\"2\"\u001b[39m\n    \u001b[33mviewBox\u001b[39m=\u001b[32m\"0 0 24 24\"\u001b[39m\n    \u001b[33mwidth\u001b[39m=\u001b[32m\"24\"\u001b[39m\n    \u001b[33mxmlns\u001b[39m=\u001b[32m\"http://www.w3.org/2000/svg\"\u001b[39m\n  \u001b[36m>\u001b[39m\n    \u001b[36m<circle\u001b[39m\n      \u001b[33mcx\u001b[39m=\u001b[32m\"12\"\u001b[39m\n      \u001b[33mcy\u001b[39m=\u001b[32m\"12\"\u001b[39m\n      \u001b[33mr\u001b[39m=\u001b[32m\"1\"\u001b[39m\n    \u001b[36m/>\u001b[39m\n    \u001b[36m<circle\u001b[39m\n      \u001b[33mcx\u001b[39m=\u001b[32m\"19\"\u001b[39m\n      \u001b[33mcy\u001b[39m=\u001b[32m\"12\"\u001b[39m\n      \u001b[33mr\u001b[39m=\u001b[32m\"1\"\u001b[39m\n    \u001b[36m/>\u001b[39m\n    \u001b[36m<circle\u001b[39m\n      \u001b[33mcx\u001b[39m=\u001b[32m\"5\"\u001b[39m\n      \u001b[33mcy\u001b[39m=\u001b[32m\"12\"\u001b[39m\n      \u001b[33mr\u001b[39m=\u001b[32m\"1\"\u001b[39m\n    \u001b[36m/>\u001b[39m\n  \u001b[36m</svg>\u001b[39m\n\u001b[36m</button>\u001b[39m\n\nIgnored nodes: comments, script, style\n\u001b[36m<button\u001b[39m\n  \u001b[33maria-label\u001b[39m=\u001b[32m\"Abrir acciones rápidas para Alvarado Barreto, Nicol\"\u001b[39m\n  \u001b[33mclass\u001b[39m=\u001b[32m\"inline-flex h-8 w-8 items-center justify-center rounded-lg border border-line bg-surface-0 text-ink-500 transition-colors hover:border-brand-500 hover:bg-brand-50 hover:text-brand-700 focus-visible:outline-none focus-visible:ring-2 focus-visible:ring-brand-500\"\u001b[39m\n  \u001b[33mtitle\u001b[39m=\u001b[32m\"Acciones rápidas\"\u001b[39m\n  \u001b[33mtype\u001b[39m=\u001b[32m\"button\"\u001b[39m\n\u001b[36m>\u001b[39m\n  \u001b[36m<svg\u001b[39m\n    \u001b[33maria-hidden\u001b[39m=\u001b[32m\"true\"\u001b[39m\n    \u001b[33mclass\u001b[39m=\u001b[32m\"lucide lucide-ellipsis h-4 w-4\"\u001b[39m\n    \u001b[33mfill\u001b[39m=\u001b[32m\"none\"\u001b[39m\n    \u001b[33mheight\u001b[39m=\u001b[32m\"24\"\u001b[39m\n    \u001b[33mstroke\u001b[39m=\u001b[32m\"currentColor\"\u001b[39m\n    \u001b[33mstroke-linecap\u001b[39m=\u001b[32m\"round\"\u001b[39m\n    \u001b[33mstroke-linejoin\u001b[39m=\u001b[32m\"round\"\u001b[39m\n    \u001b[33mstroke-width\u001b[39m=\u001b[32m\"2\"\u001b[39m\n    \u001b[33mviewBox\u001b[39m=\u001b[32m\"0 0 24 24\"\u001b[39m\n    \u001b[33mwidth\u001b[39m=\u001b[32m\"24\"\u001b[39m\n    \u001b[33mxmlns\u001b[39m=\u001b[32m\"http://www.w3.org/2000/svg\"\u001b[39m\n  \u001b[36m>\u001b[39m\n    \u001b[36m<circle\u001b[39m\n      \u001b[33mcx\u001b[39m=\u001b[32m\"12\"\u001b[39m\n      \u001b[33mcy\u001b[39m=\u001b[32m\"12\"\u001b[39m\n      \u001b[33mr\u001b[39m=\u001b[32m\"1\"\u001b[39m\n    \u001b[36m/>\u001b[39m\n    \u001b[36m<circle\u001b[39m\n      \u001b[33mcx\u001b[39m=\u001b[32m\"19\"\u001b[39m\n      \u001b[33mcy\u001b[39m=\u001b[32m\"12\"\u001b[39m\n      \u001b[33mr\u001b[39m=\u001b[32m\"1\"\u001b[39m\n    \u001b[36m/>\u001b[39m\n    \u001b[36m<circle\u001b[39m\n      \u001b[33mcx\u001b[39m=\u001b[32m\"5\"\u001b[39m\n      \u001b[33mcy\u001b[39m=\u001b[32m\"12\"\u001b[39m\n      \u001b[33mr\u001b[39m=\u001b[32m\"1\"\u001b[39m\n    \u001b[36m/>\u001b[39m\n  \u001b[36m</svg>\u001b[39m\n\u001b[36m</button>\u001b[39m\n\nIgnored nodes: comments, script, style\n\u001b[36m<button\u001b[39m\n  \u001b[33maria-label\u001b[39m=\u001b[32m\"Abrir acciones rápidas para Cordero Valverde, Franklin\"\u001b[39m\n  \u001b[33mclass\u001b[39m=\u001b[32m\"inline-flex h-8 w-8 items-center justify-center rounded-lg border border-line bg-surface-0 text-ink-500 transition-colors hover:border-brand-500 hover:bg-brand-50 hover:text-brand-700 focus-visible:outline-none focus-visible:ring-2 focus-visible:ring-brand-500\"\u001b[39m\n  \u001b[33mtitle\u001b[39m=\u001b[32m\"Acciones rápidas\"\u001b[39m\n  \u001b[33mtype\u001b[39m=\u001b[32m\"button\"\u001b[39m\n\u001b[36m>\u001b[39m\n  \u001b[36m<svg\u001b[39m\n    \u001b[33maria-hidden\u001b[39m=\u001b[32m\"true\"\u001b[39m\n    \u001b[33mclass\u001b[39m=\u001b[32m\"lucide lucide-ellipsis h-4 w-4\"\u001b[39m\n    \u001b[33mfill\u001b[39m=\u001b[32m\"none\"\u001b[39m\n    \u001b[33mheight\u001b[39m=\u001b[32m\"24\"\u001b[39m\n    \u001b[33mstroke\u001b[39m=\u001b[32m\"currentColor\"\u001b[39m\n    \u001b[33mstroke-linecap\u001b[39m=\u001b[32m\"round\"\u001b[39m\n    \u001b[33mstroke-linejoin\u001b[39m=\u001b[32m\"round\"\u001b[39m\n    \u001b[33mstroke-width\u001b[39m=\u001b[32m\"2\"\u001b[39m\n    \u001b[33mviewBox\u001b[39m=\u001b[32m\"0 0 24 24\"\u001b[39m\n    \u001b[33mwidth\u001b[39m=\u001b[32m\"24\"\u001b[39m\n    \u001b[33mxmlns\u001b[39m=\u001b[32m\"http://www.w3.org/2000/svg\"\u001b[39m\n  \u001b[36m>\u001b[39m\n    \u001b[36m<circle\u001b[39m\n      \u001b[33mcx\u001b[39m=\u001b[32m\"12\"\u001b[39m\n      \u001b[33mcy\u001b[39m=\u001b[32m\"12\"\u001b[39m\n      \u001b[33mr\u001b[39m=\u001b[32m\"1\"\u001b[39m\n    \u001b[36m/>\u001b[39m\n    \u001b[36m<circle\u001b[39m\n      \u001b[33mcx\u001b[39m=\u001b[32m\"19\"\u001b[39m\n      \u001b[33mcy\u001b[39m=\u001b[32m\"12\"\u001b[39m\n      \u001b[33mr\u001b[39m=\u001b[32m\"1\"\u001b[39m\n    \u001b[36m/>\u001b[39m\n    \u001b[36m<circle\u001b[39m\n      \u001b[33mcx\u001b[39m=\u001b[32m\"5\"\u001b[39m\n      \u001b[33mcy\u001b[39m=\u001b[32m\"12\"\u001b[39m\n      \u001b[33mr\u001b[39m=\u001b[32m\"1\"\u001b[39m\n    \u001b[36m/>\u001b[39m\n  \u001b[36m</svg>\u001b[39m\n\u001b[36m</button>\u001b[39m\n\nIgnored nodes: comments, script, style\n\u001b[36m<button\u001b[39m\n  \u001b[33maria-label\u001b[39m=\u001b[32m\"Abrir acciones rápidas para Cordero Espinoza, Nicol\"\u001b[39m\n  \u001b[33mclass\u001b[39m=\u001b[32m\"inline-flex h-8 w-8 items-center justify-center rounded-lg border border-line bg-surface-0 text-ink-500 transition-colors hover:border-brand-500 hover:bg-brand-50 hover:text-brand-700 focus-visible:outline-none focus-visible:ring-2 focus-visible:ring-brand-500\"\u001b[39m\n  \u001b[33mtitle\u001b[39m=\u001b[32m\"Acciones rápidas\"\u001b[39m\n  \u001b[33mtype\u001b[39m=\u001b[32m\"button\"\u001b[39m\n\u001b[36m>\u001b[39m\n  \u001b[36m<svg\u001b[39m\n    \u001b[33maria-hidden\u001b[39m=\u001b[32m\"true\"\u001b[39m\n    \u001b[33mclass\u001b[39m=\u001b[32m\"lucide lucide-ellipsis h-4 w-4\"\u001b[39m\n    \u001b[33mfill\u001b[39m=\u001b[32m\"none\"\u001b[39m\n    \u001b[33mheight\u001b[39m=\u001b[32m\"24\"\u001b[39m\n    \u001b[33mstroke\u001b[39m=\u001b[32m\"currentColor\"\u001b[39m\n    \u001b[33mstroke-linecap\u001b[39m=\u001b[32m\"round\"\u001b[39m\n    \u001b[33mstroke-linejoin\u001b[39m=\u001b[32m\"round\"\u001b[39m\n    \u001b[33mstroke-width\u001b[39m=\u001b[32m\"2\"\u001b[39m\n    \u001b[33mviewBox\u001b[39m=\u001b[32m\"0 0 24 24\"\u001b[39m\n    \u001b[33mwidth\u001b[39m=\u001b[32m\"24\"\u001b[39m\n    \u001b[33mxmlns\u001b[39m=\u001b[32m\"http://www.w3.org/2000/svg\"\u001b[39m\n  \u001b[36m>\u001b[39m\n    \u001b[36m<circle\u001b[39m\n      \u001b[33mcx\u001b[39m=\u001b[32m\"12\"\u001b[39m\n      \u001b[33mcy\u001b[39m=\u001b[32m\"12\"\u001b[39m\n      \u001b[33mr\u001b[39m=\u001b[32m\"1\"\u001b[39m\n    \u001b[36m/>\u001b[39m\n    \u001b[36m<circle\u001b[39m\n      \u001b[33mcx\u001b[39m=\u001b[32m\"19\"\u001b[39m\n      \u001b[33mcy\u001b[39m=\u001b[32m\"12\"\u001b[39m\n      \u001b[33mr\u001b[39m=\u001b[32m\"1\"\u001b[39m\n    \u001b[36m/>\u001b[39m\n    \u001b[36m<circle\u001b[39m\n      \u001b[33mcx\u001b[39m=\u001b[32m\"5\"\u001b[39m\n      \u001b[33mcy\u001b[39m=\u001b[32m\"12\"\u001b[39m\n      \u001b[33mr\u001b[39m=\u001b[32m\"1\"\u001b[39m\n    \u001b[36m/>\u001b[39m\n  \u001b[36m</svg>\u001b[39m\n\u001b[36m</button>\u001b[39m\n\nIgnored nodes: comments, script, style\n\u001b[36m<button\u001b[39m\n  \u001b[33maria-label\u001b[39m=\u001b[32m\"Abrir acciones rápidas para Villanueva Depaz, Maribel\"\u001b[39m\n  \u001b[33mclass\u001b[39m=\u001b[32m\"inline-flex h-8 w-8 items-center justify-center rounded-lg border border-line bg-surface-0 text-ink-500 transition-colors hover:border-brand-500 hover:bg-brand-50 hover:text-brand-700 focus-visible:outline-none focus-visible:ring-2 focus-visible:ring-brand-500\"\u001b[39m\n  \u001b[33mtitle\u001b[39m=\u001b[32m\"Acciones rápidas\"\u001b[39m\n  \u001b[33mtype\u001b[39m=\u001b[32m\"button\"\u001b[39m\n\u001b[36m>\u001b[39m\n  \u001b[36m<svg\u001b[39m\n    \u001b[33maria-hidden\u001b[39m=\u001b[32m\"true\"\u001b[39m\n    \u001b[33mclass\u001b[39m=\u001b[32m\"lucide lucide-ellipsis h-4 w-4\"\u001b[39m\n    \u001b[33mfill\u001b[39m=\u001b[32m\"none\"\u001b[39m\n    \u001b[33mheight\u001b[39m=\u001b[32m\"24\"\u001b[39m\n    \u001b[33mstroke\u001b[39m=\u001b[32m\"currentColor\"\u001b[39m\n    \u001b[33mstroke-linecap\u001b[39m=\u001b[32m\"round\"\u001b[39m\n    \u001b[33mstroke-linejoin\u001b[39m=\u001b[32m\"round\"\u001b[39m\n    \u001b[33mstroke-width\u001b[39m=\u001b[32m\"2\"\u001b[39m\n    \u001b[33mviewBox\u001b[39m=\u001b[32m\"0 0 24 24\"\u001b[39m\n    \u001b[33mwidth\u001b[39m=\u001b[32m\"24\"\u001b[39m\n    \u001b[33mxmlns\u001b[39m=\u001b[32m\"http://www.w3.org/2000/svg\"\u001b[39m\n  \u001b[36m>\u001b[39m\n    \u001b[36m<circle\u001b[39m\n      \u001b[33mcx\u001b[39m=\u001b[32m\"12\"\u001b[39m\n      \u001b[33mcy\u001b[39m=\u001b[32m\"12\"\u001b[39m\n      \u001b[33mr\u001b[39m=\u001b[32m\"1\"\u001b[39m\n    \u001b[36m/>\u001b[39m\n    \u001b[36m<circle\u001b[39m\n      \u001b[33mcx\u001b[39m=\u001b[32m\"19\"\u001b[39m\n      \u001b[33mcy\u001b[39m=\u001b[32m\"12\"\u001b[39m\n      \u001b[33mr\u001b[39m=\u001b[32m\"1\"\u001b[39m\n    \u001b[36m/>\u001b[39m\n    \u001b[36m<circle\u001b[39m\n      \u001b[33mcx\u001b[39m=\u001b[32m\"5\"\u001b[39m\n      \u001b[33mcy\u001b[39m=\u001b[32m\"12\"\u001b[39m\n      \u001b[33mr\u001b[39m=\u001b[32m\"1\"\u001b[39m\n    \u001b[36m/>\u001b[39m\n  \u001b[36m</svg>\u001b[39m\n\u001b[36m</button>\u001b[39m\n\nIgnored nodes: comments, script, style\n\u001b[36m<button\u001b[39m\n  \u001b[33maria-label\u001b[39m=\u001b[32m\"Abrir acciones rápidas para Guillén Colonia, Anthony\"\u001b[39m\n  \u001b[33mclass\u001b[39m=\u001b[32m\"inline-flex h-8 w-8 items-center justify-center rounded-lg border border-line bg-surface-0 text-ink-500 transition-colors hover:border-brand-500 hover:bg-brand-50 hover:text-brand-700 focus-visible:outline-none focus-visible:ring-2 focus-visible:ring-brand-500\"\u001b[39m\n  \u001b[33mtitle\u001b[39m=\u001b[32m\"Acciones rápidas\"\u001b[39m\n  \u001b[33mtype\u001b[39m=\u001b[32m\"button\"\u001b[39m\n\u001b[36m>\u001b[39m\n  \u001b[36m<svg\u001b[39m\n    \u001b[33maria-hidden\u001b[39m=\u001b[32m\"true\"\u001b[39m\n    \u001b[33mclass\u001b[39m=\u001b[32m\"lucide lucide-ellipsis h-4 w-4\"\u001b[39m\n    \u001b[33mfill\u001b[39m=\u001b[32m\"none\"\u001b[39m\n    \u001b[33mheight\u001b[39m=\u001b[32m\"24\"\u001b[39m\n    \u001b[33mstroke\u001b[39m=\u001b[32m\"currentColor\"\u001b[39m\n    \u001b[33mstroke-linecap\u001b[39m=\u001b[32m\"round\"\u001b[39m\n    \u001b[33mstroke-linejoin\u001b[39m=\u001b[32m\"round\"\u001b[39m\n    \u001b[33mstroke-width\u001b[39m=\u001b[32m\"2\"\u001b[39m\n    \u001b[33mviewBox\u001b[39m=\u001b[32m\"0 0 24 24\"\u001b[39m\n    \u001b[33mwidth\u001b[39m=\u001b[32m\"24\"\u001b[39m\n    \u001b[33mxmlns\u001b[39m=\u001b[32m\"http://www.w3.org/2000/svg\"\u001b[39m\n  \u001b[36m>\u001b[39m\n    \u001b[36m<circle\u001b[39m\n      \u001b[33mcx\u001b[39m=\u001b[32m\"12\"\u001b[39m\n      \u001b[33mcy\u001b[39m=\u001b[32m\"12\"\u001b[39m\n      \u001b[33mr\u001b[39m=\u001b[32m\"1\"\u001b[39m\n    \u001b[36m/>\u001b[39m\n    \u001b[36m<circle\u001b[39m\n      \u001b[33mcx\u001b[39m=\u001b[32m\"19\"\u001b[39m\n      \u001b[33mcy\u001b[39m=\u001b[32m\"12\"\u001b[39m\n      \u001b[33mr\u001b[39m=\u001b[32m\"1\"\u001b[39m\n    \u001b[36m/>\u001b[39m\n    \u001b[36m<circle\u001b[39m\n      \u001b[33mcx\u001b[39m=\u001b[32m\"5\"\u001b[39m\n      \u001b[33mcy\u001b[39m=\u001b[32m\"12\"\u001b[39m\n      \u001b[33mr\u001b[39m=\u001b[32m\"1\"\u001b[39m\n    \u001b[36m/>\u001b[39m\n  \u001b[36m</svg>\u001b[39m\n\u001b[36m</button>\u001b[39m\n\nIgnored nodes: comments, script, style\n\u001b[36m<button\u001b[39m\n  \u001b[33maria-label\u001b[39m=\u001b[32m\"Abrir acciones rápidas para Garay Camones, Rodrigo\"\u001b[39m\n  \u001b[33mclass\u001b[39m=\u001b[32m\"inline-flex h-8 w-8 items-center justify-center rounded-lg border border-line bg-surface-0 text-ink-500 transition-colors hover:border-brand-500 hover:bg-brand-50 hover:text-brand-700 focus-visible:outline-none focus-visible:ring-2 focus-visible:ring-brand-500\"\u001b[39m\n  \u001b[33mtitle\u001b[39m=\u001b[32m\"Acciones rápidas\"\u001b[39m\n  \u001b[33mtype\u001b[39m=\u001b[32m\"button\"\u001b[39m\n\u001b[36m>\u001b[39m\n  \u001b[36m<svg\u001b[39m\n    \u001b[33maria-hidden\u001b[39m=\u001b[32m\"true\"\u001b[39m\n    \u001b[33mclass\u001b[39m=\u001b[32m\"lucide lucide-ellipsis h-4 w-4\"\u001b[39m\n    \u001b[33mfill\u001b[39m=\u001b[32m\"none\"\u001b[39m\n    \u001b[33mheight\u001b[39m=\u001b[32m\"24\"\u001b[39m\n    \u001b[33mstroke\u001b[39m=\u001b[32m\"currentColor\"\u001b[39m\n    \u001b[33mstroke-linecap\u001b[39m=\u001b[32m\"round\"\u001b[39m\n    \u001b[33mstroke-linejoin\u001b[39m=\u001b[32m\"round\"\u001b[39m\n    \u001b[33mstroke-width\u001b[39m=\u001b[32m\"2\"\u001b[39m\n    \u001b[33mviewBox\u001b[39m=\u001b[32m\"0 0 24 24\"\u001b[39m\n    \u001b[33mwidth\u001b[39m=\u001b[32m\"24\"\u001b[39m\n    \u001b[33mxmlns\u001b[39m=\u001b[32m\"http://www.w3.org/2000/svg\"\u001b[39m\n  \u001b[36m>\u001b[39m\n    \u001b[36m<circle\u001b[39m\n      \u001b[33mcx\u001b[39m=\u001b[32m\"12\"\u001b[39m\n      \u001b[33mcy\u001b[39m=\u001b[32m\"12\"\u001b[39m\n      \u001b[33mr\u001b[39m=\u001b[32m\"1\"\u001b[39m\n    \u001b[36m/>\u001b[39m\n    \u001b[36m<circle\u001b[39m\n      \u001b[33mcx\u001b[39m=\u001b[32m\"19\"\u001b[39m\n      \u001b[33mcy\u001b[39m=\u001b[32m\"12\"\u001b[39m\n      \u001b[33mr\u001b[39m=\u001b[32m\"1\"\u001b[39m\n    \u001b[36m/>\u001b[39m\n    \u001b[36m<circle\u001b[39m\n      \u001b[33mcx\u001b[39m=\u001b[32m\"5\"\u001b[39m\n      \u001b[33mcy\u001b[39m=\u001b[32m\"12\"\u001b[39m\n      \u001b[33mr\u001b[39m=\u001b[32m\"1\"\u001b[39m\n    \u001b[36m/>\u001b[39m\n  \u001b[36m</svg>\u001b[39m\n\u001b[36m</button>\u001b[39m\n\nIgnored nodes: comments, script, style\n\u001b[36m<button\u001b[39m\n  \u001b[33maria-label\u001b[39m=\u001b[32m\"Abrir acciones rápidas para Macedo Huamán, Milagros\"\u001b[39m\n  \u001b[33mclass\u001b[39m=\u001b[32m\"inline-flex h-8 w-8 items-center justify-center rounded-lg border border-line bg-surface-0 text-ink-500 transition-colors hover:border-brand-500 hover:bg-brand-50 hover:text-brand-700 focus-visible:outline-none focus-visible:ring-2 focus-visible:ring-brand-500\"\u001b[39m\n  \u001b[33mtitle\u001b[39m=\u001b[32m\"Acciones rápidas\"\u001b[39m\n  \u001b[33mtype\u001b[39m=\u001b[32m\"button\"\u001b[39m\n\u001b[36m>\u001b[39m\n  \u001b[36m<svg\u001b[39m\n    \u001b[33maria-hidden\u001b[39m=\u001b[32m\"true\"\u001b[39m\n    \u001b[33mclass\u001b[39m=\u001b[32m\"lucide lucide-ellipsis h-4 w-4\"\u001b[39m\n    \u001b[33mfill\u001b[39m=\u001b[32m\"none\"\u001b[39m\n    \u001b[33mheight\u001b[39m=\u001b[32m\"24\"\u001b[39m\n    \u001b[33mstroke\u001b[39m=\u001b[32m\"currentColor\"\u001b[39m\n    \u001b[33mstroke-linecap\u001b[39m=\u001b[32m\"round\"\u001b[39m\n    \u001b[33mstroke-linejoin\u001b[39m=\u001b[32m\"round\"\u001b[39m\n    \u001b[33mstroke-width\u001b[39m=\u001b[32m\"2\"\u001b[39m\n    \u001b[33mviewBox\u001b[39m=\u001b[32m\"0 0 24 24\"\u001b[39m\n    \u001b[33mwidth\u001b[39m=\u001b[32m\"24\"\u001b[39m\n    \u001b[33mxmlns\u001b[39m=\u001b[32m\"http://www.w3.org/2000/svg\"\u001b[39m\n  \u001b[36m>\u001b[39m\n    \u001b[36m<circle\u001b[39m\n      \u001b[33mcx\u001b[39m=\u001b[32m\"12\"\u001b[39m\n      \u001b[33mcy\u001b[39m=\u001b[32m\"12\"\u001b[39m\n      \u001b[33mr\u001b[39m=\u001b[32m\"1\"\u001b[39m\n    \u001b[36m/>\u001b[39m\n    \u001b[36m<circle\u001b[39m\n      \u001b[33mcx\u001b[39m=\u001b[32m\"19\"\u001b[39m\n      \u001b[33mcy\u001b[39m=\u001b[32m\"12\"\u001b[39m\n      \u001b[33mr\u001b[39m=\u001b[32m\"1\"\u001b[39m\n    \u001b[36m/>\u001b[39m\n    \u001b[36m<circle\u001b[39m\n      \u001b[33mcx\u001b[39m=\u001b[32m\"5\"\u001b[39m\n      \u001b[33mcy\u001b[39m=\u001b[32m\"12\"\u001b[39m\n      \u001b[33mr\u001b[39m=\u001b[32m\"1\"\u001b[39m\n    \u001b[36m/>\u001b[39m\n  \u001b[36m</svg>\u001b[39m\n\u001b[36m</button>\u001b[39m\n\nIgnored nodes: comments, script, style\n\u001b[36m<button\u001b[39m\n  \u001b[33maria-label\u001b[39m=\u001b[32m\"Abrir acciones rápidas para Ascencio Ramírez, Cristhian\"\u001b[39m\n  \u001b[33mclass\u001b[39m=\u001b[32m\"inline-flex h-8 w-8 items-center justify-center rounded-lg border border-line bg-surface-0 text-ink-500 transition-colors hover:border-brand-500 hover:bg-brand-50 hover:text-brand-700 focus-visible:outline-none focus-visible:ring-2 focus-visible:ring-brand-500\"\u001b[39m\n  \u001b[33mtitle\u001b[39m=\u001b[32m\"Acciones rápidas\"\u001b[39m\n  \u001b[33mtype\u001b[39m=\u001b[32m\"button\"\u001b[39m\n\u001b[36m>\u001b[39m\n  \u001b[36m<svg\u001b[39m\n    \u001b[33maria-hidden\u001b[39m=\u001b[32m\"true\"\u001b[39m\n    \u001b[33mclass\u001b[39m=\u001b[32m\"lucide lucide-ellipsis h-4 w-4\"\u001b[39m\n    \u001b[33mfill\u001b[39m=\u001b[32m\"none\"\u001b[39m\n    \u001b[33mheight\u001b[39m=\u001b[32m\"24\"\u001b[39m\n    \u001b[33mstroke\u001b[39m=\u001b[32m\"currentColor\"\u001b[39m\n    \u001b[33mstroke-linecap\u001b[39m=\u001b[32m\"round\"\u001b[39m\n    \u001b[33mstroke-linejoin\u001b[39m=\u001b[32m\"round\"\u001b[39m\n    \u001b[33mstroke-width\u001b[39m=\u001b[32m\"2\"\u001b[39m\n    \u001b[33mviewBox\u001b[39m=\u001b[32m\"0 0 24 24\"\u001b[39m\n    \u001b[33mwidth\u001b[39m=\u001b[32m\"24\"\u001b[39m\n    \u001b[33mxmlns\u001b[39m=\u001b[32m\"http://www.w3.org/2000/svg\"\u001b[39m\n  \u001b[36m>\u001b[39m\n    \u001b[36m<circle\u001b[39m\n      \u001b[33mcx\u001b[39m=\u001b[32m\"12\"\u001b[39m\n      \u001b[33mcy\u001b[39m=\u001b[32m\"12\"\u001b[39m\n      \u001b[33mr\u001b[39m=\u001b[32m\"1\"\u001b[39m\n    \u001b[36m/>\u001b[39m\n    \u001b[36m<circle\u001b[39m\n      \u001b[33mcx\u001b[39m=\u001b[32m\"19\"\u001b[39m\n      \u001b[33mcy\u001b[39m=\u001b[32m\"12\"\u001b[39m\n      \u001b[33mr\u001b[39m=\u001b[32m\"1\"\u001b[39m\n    \u001b[36m/>\u001b[39m\n    \u001b[36m<circle\u001b[39m\n      \u001b[33mcx\u001b[39m=\u001b[32m\"5\"\u001b[39m\n      \u001b[33mcy\u001b[39m=\u001b[32m\"12\"\u001b[39m\n      \u001b[33mr\u001b[39m=\u001b[32m\"1\"\u001b[39m\n    \u001b[36m/>\u001b[39m\n  \u001b[36m</svg>\u001b[39m\n\u001b[36m</button>\u001b[39m\n\nIgnored nodes: comments, script, style\n\u001b[36m<button\u001b[39m\n  \u001b[33maria-label\u001b[39m=\u001b[32m\"Abrir acciones rápidas para Salazar Obregón, Estrella\"\u001b[39m\n  \u001b[33mclass\u001b[39m=\u001b[32m\"inline-flex h-8 w-8 items-center justify-center rounded-lg border border-line bg-surface-0 text-ink-500 transition-colors hover:border-brand-500 hover:bg-brand-50 hover:text-brand-700 focus-visible:outline-none focus-visible:ring-2 focus-visible:ring-brand-500\"\u001b[39m\n  \u001b[33mtitle\u001b[39m=\u001b[32m\"Acciones rápidas\"\u001b[39m\n  \u001b[33mtype\u001b[39m=\u001b[32m\"button\"\u001b[39m\n\u001b[36m>\u001b[39m\n  \u001b[36m<svg\u001b[39m\n    \u001b[33maria-hidden\u001b[39m=\u001b[32m\"true\"\u001b[39m\n    \u001b[33mclass\u001b[39m=\u001b[32m\"lucide lucide-ellipsis h-4 w-4\"\u001b[39m\n    \u001b[33mfill\u001b[39m=\u001b[32m\"none\"\u001b[39m\n    \u001b[33mheight\u001b[39m=\u001b[32m\"24\"\u001b[39m\n    \u001b[33mstroke\u001b[39m=\u001b[32m\"currentColor\"\u001b[39m\n    \u001b[33mstroke-linecap\u001b[39m=\u001b[32m\"round\"\u001b[39m\n    \u001b[33mstroke-linejoin\u001b[39m=\u001b[32m\"round\"\u001b[39m\n    \u001b[33mstroke-width\u001b[39m=\u001b[32m\"2\"\u001b[39m\n    \u001b[33mviewBox\u001b[39m=\u001b[32m\"0 0 24 24\"\u001b[39m\n    \u001b[33mwidth\u001b[39m=\u001b[32m\"24\"\u001b[39m\n    \u001b[33mxmlns\u001b[39m=\u001b[32m\"http://www.w3.org/2000/svg\"\u001b[39m\n  \u001b[36m>\u001b[39m\n    \u001b[36m<circle\u001b[39m\n      \u001b[33mcx\u001b[39m=\u001b[32m\"12\"\u001b[39m\n      \u001b[33mcy\u001b[39m=\u001b[32m\"12\"\u001b[39m\n      \u001b[33mr\u001b[39m=\u001b[32m\"1\"\u001b[39m\n    \u001b[36m/>\u001b[39m\n    \u001b[36m<circle\u001b[39m\n      \u001b[33mcx\u001b[39m=\u001b[32m\"19\"\u001b[39m\n      \u001b[33mcy\u001b[39m=\u001b[32m\"12\"\u001b[39m\n      \u001b[33mr\u001b[39m=\u001b[32m\"1\"\u001b[39m\n    \u001b[36m/>\u001b[39m\n    \u001b[36m<circle\u001b[39m\n      \u001b[33mcx\u001b[39m=\u001b[32m\"5\"\u001b[39m\n      \u001b[33mcy\u001b[39m=\u001b[32m\"12\"\u001b[39m\n      \u001b[33mr\u001b[39m=\u001b[32m\"1\"\u001b[39m\n    \u001b[36m/>\u001b[39m\n  \u001b[36m</svg>\u001b[39m\n\u001b[36m</button>\u001b[39m\n\nIgnored nodes: comments, script, style\n\u001b[36m<button\u001b[39m\n  \u001b[33maria-label\u001b[39m=\u001b[32m\"Abrir acciones rápidas para Camones Figueroa, Jhordan\"\u001b[39m\n  \u001b[33mclass\u001b[39m=\u001b[32m\"inline-flex h-8 w-8 items-center justify-center rounded-lg border border-line bg-surface-0 text-ink-500 transition-colors hover:border-brand-500 hover:bg-brand-50 hover:text-brand-700 focus-visible:outline-none focus-visible:ring-2 focus-visible:ring-brand-500\"\u001b[39m\n  \u001b[33mtitle\u001b[39m=\u001b[32m\"Acciones rápidas\"\u001b[39m\n  \u001b[33mtype\u001b[39m=\u001b[32m\"button\"\u001b[39m\n\u001b[36m>\u001b[39m\n  \u001b[36m<svg\u001b[39m\n    \u001b[33maria-hidden\u001b[39m=\u001b[32m\"true\"\u001b[39m\n    \u001b[33mclass\u001b[39m=\u001b[32m\"lucide lucide-ellipsis h-4 w-4\"\u001b[39m\n    \u001b[33mfill\u001b[39m=\u001b[32m\"none\"\u001b[39m\n    \u001b[33mheight\u001b[39m=\u001b[32m\"24\"\u001b[39m\n    \u001b[33mstroke\u001b[39m=\u001b[32m\"currentColor\"\u001b[39m\n    \u001b[33mstroke-linecap\u001b[39m=\u001b[32m\"round\"\u001b[39m\n    \u001b[33mstroke-linejoin\u001b[39m=\u001b[32m\"round\"\u001b[39m\n    \u001b[33mstroke-width\u001b[39m=\u001b[32m\"2\"\u001b[39m\n    \u001b[33mviewBox\u001b[39m=\u001b[32m\"0 0 24 24\"\u001b[39m\n    \u001b[33mwidth\u001b[39m=\u001b[32m\"24\"\u001b[39m\n    \u001b[33mxmlns\u001b[39m=\u001b[32m\"http://www.w3.org/2000/svg\"\u001b[39m\n  \u001b[36m>\u001b[39m\n    \u001b[36m<circle\u001b[39m\n      \u001b[33mcx\u001b[39m=\u001b[32m\"12\"\u001b[39m\n      \u001b[33mcy\u001b[39m=\u001b[32m\"12\"\u001b[39m\n      \u001b[33mr\u001b[39m=\u001b[32m\"1\"\u001b[39m\n    \u001b[36m/>\u001b[39m\n    \u001b[36m<circle\u001b[39m\n      \u001b[33mcx\u001b[39m=\u001b[32m\"19\"\u001b[39m\n      \u001b[33mcy\u001b[39m=\u001b[32m\"12\"\u001b[39m\n      \u001b[33mr\u001b[39m=\u001b[32m\"1\"\u001b[39m\n    \u001b[36m/>\u001b[39m\n    \u001b[36m<circle\u001b[39m\n      \u001b[33mcx\u001b[39m=\u001b[32m\"5\"\u001b[39m\n      \u001b[33mcy\u001b[39m=\u001b[32m\"12\"\u001b[39m\n      \u001b[33mr\u001b[39m=\u001b[32m\"1\"\u001b[39m\n    \u001b[36m/>\u001b[39m\n  \u001b[36m</svg>\u001b[39m\n\u001b[36m</button>\u001b[39m\n\nIgnored nodes: comments, script, style\n\u001b[36m<button\u001b[39m\n  \u001b[33maria-label\u001b[39m=\u001b[32m\"Abrir acciones rápidas para Obregón Salazar, Rodrigo\"\u001b[39m\n  \u001b[33mclass\u001b[39m=\u001b[32m\"inline-flex h-8 w-8 items-center justify-center rounded-lg border border-line bg-surface-0 text-ink-500 transition-colors hover:border-brand-500 hover:bg-brand-50 hover:text-brand-700 focus-visible:outline-none focus-visible:ring-2 focus-visible:ring-brand-500\"\u001b[39m\n  \u001b[33mtitle\u001b[39m=\u001b[32m\"Acciones rápidas\"\u001b[39m\n  \u001b[33mtype\u001b[39m=\u001b[32m\"button\"\u001b[39m\n\u001b[36m>\u001b[39m\n  \u001b[36m<svg\u001b[39m\n    \u001b[33maria-hidden\u001b[39m=\u001b[32m\"true\"\u001b[39m\n    \u001b[33mclass\u001b[39m=\u001b[32m\"lucide lucide-ellipsis h-4 w-4\"\u001b[39m\n    \u001b[33mfill\u001b[39m=\u001b[32m\"none\"\u001b[39m\n    \u001b[33mheight\u001b[39m=\u001b[32m\"24\"\u001b[39m\n    \u001b[33mstroke\u001b[39m=\u001b[32m\"currentColor\"\u001b[39m\n    \u001b[33mstroke-linecap\u001b[39m=\u001b[32m\"round\"\u001b[39m\n    \u001b[33mstroke-linejoin\u001b[39m=\u001b[32m\"round\"\u001b[39m\n    \u001b[33mstroke-width\u001b[39m=\u001b[32m\"2\"\u001b[39m\n    \u001b[33mviewBox\u001b[39m=\u001b[32m\"0 0 24 24\"\u001b[39m\n    \u001b[33mwidth\u001b[39m=\u001b[32m\"24\"\u001b[39m\n    \u001b[33mxmlns\u001b[39m=\u001b[32m\"http://www.w3.org/2000/svg\"\u001b[39m\n  \u001b[36m>\u001b[39m\n    \u001b[36m<circle\u001b[39m\n      \u001b[33mcx\u001b[39m=\u001b[32m\"12\"\u001b[39m\n      \u001b[33mcy\u001b[39m=\u001b[32m\"12\"\u001b[39m\n      \u001b[33mr\u001b[39m=\u001b[32m\"1\"\u001b[39m\n    \u001b[36m/>\u001b[39m\n    \u001b[36m<circle\u001b[39m\n      \u001b[33mcx\u001b[39m=\u001b[32m\"19\"\u001b[39m\n      \u001b[33mcy\u001b[39m=\u001b[32m\"12\"\u001b[39m\n      \u001b[33mr\u001b[39m=\u001b[32m\"1\"\u001b[39m\n    \u001b[36m/>\u001b[39m\n    \u001b[36m<circle\u001b[39m\n      \u001b[33mcx\u001b[39m=\u001b[32m\"5\"\u001b[39m\n      \u001b[33mcy\u001b[39m=\u001b[32m\"12\"\u001b[39m\n      \u001b[33mr\u001b[39m=\u001b[32m\"1\"\u001b[39m\n    \u001b[36m/>\u001b[39m\n  \u001b[36m</svg>\u001b[39m\n\u001b[36m</button>\u001b[39m\n\nIgnored nodes: comments, script, style\n\u001b[36m<button\u001b[39m\n  \u001b[33maria-label\u001b[39m=\u001b[32m\"Abrir acciones rápidas para Macedo Barreto, Briseida\"\u001b[39m\n  \u001b[33mclass\u001b[39m=\u001b[32m\"inline-flex h-8 w-8 items-center justify-center rounded-lg border border-line bg-surface-0 text-ink-500 transition-colors hover:border-brand-500 hover:bg-brand-50 hover:text-brand-700 focus-visible:outline-none focus-visible:ring-2 focus-visible:ring-brand-500\"\u001b[39m\n  \u001b[33mtitle\u001b[39m=\u001b[32m\"Acciones rápidas\"\u001b[39m\n  \u001b[33mtype\u001b[39m=\u001b[32m\"button\"\u001b[39m\n\u001b[36m>\u001b[39m\n  \u001b[36m<svg\u001b[39m\n    \u001b[33maria-hidden\u001b[39m=\u001b[32m\"true\"\u001b[39m\n    \u001b[33mclass\u001b[39m=\u001b[32m\"lucide lucide-ellipsis h-4 w-4\"\u001b[39m\n    \u001b[33mfill\u001b[39m=\u001b[32m\"none\"\u001b[39m\n    \u001b[33mheight\u001b[39m=\u001b[32m\"24\"\u001b[39m\n    \u001b[33mstroke\u001b[39m=\u001b[32m\"currentColor\"\u001b[39m\n    \u001b[33mstroke-linecap\u001b[39m=\u001b[32m\"round\"\u001b[39m\n    \u001b[33mstroke-linejoin\u001b[39m=\u001b[32m\"round\"\u001b[39m\n    \u001b[33mstroke-width\u001b[39m=\u001b[32m\"2\"\u001b[39m\n    \u001b[33mviewBox\u001b[39m=\u001b[32m\"0 0 24 24\"\u001b[39m\n    \u001b[33mwidth\u001b[39m=\u001b[32m\"24\"\u001b[39m\n    \u001b[33mxmlns\u001b[39m=\u001b[32m\"http://www.w3.org/2000/svg\"\u001b[39m\n  \u001b[36m>\u001b[39m\n    \u001b[36m<circle\u001b[39m\n      \u001b[33mcx\u001b[39m=\u001b[32m\"12\"\u001b[39m\n      \u001b[33mcy\u001b[39m=\u001b[32m\"12\"\u001b[39m\n      \u001b[33mr\u001b[39m=\u001b[32m\"1\"\u001b[39m\n    \u001b[36m/>\u001b[39m\n    \u001b[36m<circle\u001b[39m\n      \u001b[33mcx\u001b[39m=\u001b[32m\"19\"\u001b[39m\n      \u001b[33mcy\u001b[39m=\u001b[32m\"12\"\u001b[39m\n      \u001b[33mr\u001b[39m=\u001b[32m\"1\"\u001b[39m\n    \u001b[36m/>\u001b[39m\n    \u001b[36m<circle\u001b[39m\n      \u001b[33mcx\u001b[39m=\u001b[32m\"5\"\u001b[39m\n      \u001b[33mcy\u001b[39m=\u001b[32m\"12\"\u001b[39m\n      \u001b[33mr\u001b[39m=\u001b[32m\"1\"\u001b[39m\n    \u001b[36m/>\u001b[39m\n  \u001b[36m</svg>\u001b[39m\n\u001b[36m</button>\u001b[39m\n\nIgnored nodes: comments, script, style\n\u001b[36m<button\u001b[39m\n  \u001b[33maria-label\u001b[39m=\u001b[32m\"Abrir acciones rápidas para Paucar Quispe, Nayeli\"\u001b[39m\n  \u001b[33mclass\u001b[39m=\u001b[32m\"inline-flex h-8 w-8 items-center justify-center rounded-lg border border-line bg-surface-0 text-ink-500 transition-colors hover:border-brand-500 hover:bg-brand-50 hover:text-brand-700 focus-visible:outline-none focus-visible:ring-2 focus-visible:ring-brand-500\"\u001b[39m\n  \u001b[33mtitle\u001b[39m=\u001b[32m\"Acciones rápidas\"\u001b[39m\n  \u001b[33mtype\u001b[39m=\u001b[32m\"button\"\u001b[39m\n\u001b[36m>\u001b[39m\n  \u001b[36m<svg\u001b[39m\n    \u001b[33maria-hidden\u001b[39m=\u001b[32m\"true\"\u001b[39m\n    \u001b[33mclass\u001b[39m=\u001b[32m\"lucide lucide-ellipsis h-4 w-4\"\u001b[39m\n    \u001b[33mfill\u001b[39m=\u001b[32m\"none\"\u001b[39m\n    \u001b[33mheight\u001b[39m=\u001b[32m\"24\"\u001b[39m\n    \u001b[33mstroke\u001b[39m=\u001b[32m\"currentColor\"\u001b[39m\n    \u001b[33mstroke-linecap\u001b[39m=\u001b[32m\"round\"\u001b[39m\n    \u001b[33mstroke-linejoin\u001b[39m=\u001b[32m\"round\"\u001b[39m\n    \u001b[33mstroke-width\u001b[39m=\u001b[32m\"2\"\u001b[39m\n    \u001b[33mviewBox\u001b[39m=\u001b[32m\"0 0 24 24\"\u001b[39m\n    \u001b[33mwidth\u001b[39m=\u001b[32m\"24\"\u001b[39m\n    \u001b[33mxmlns\u001b[39m=\u001b[32m\"http://www.w3.org/2000/svg\"\u001b[39m\n  \u001b[36m>\u001b[39m\n    \u001b[36m<circle\u001b[39m\n      \u001b[33mcx\u001b[39m=\u001b[32m\"12\"\u001b[39m\n      \u001b[33mcy\u001b[39m=\u001b[32m\"12\"\u001b[39m\n      \u001b[33mr\u001b[39m=\u001b[32m\"1\"\u001b[39m\n    \u001b[36m/>\u001b[39m\n    \u001b[36m<circle\u001b[39m\n      \u001b[33mcx\u001b[39m=\u001b[32m\"19\"\u001b[39m\n      \u001b[33mcy\u001b[39m=\u001b[32m\"12\"\u001b[39m\n      \u001b[33mr\u001b[39m=\u001b[32m\"1\"\u001b[39m\n    \u001b[36m/>\u001b[39m\n    \u001b[36m<circle\u001b[39m\n      \u001b[33mcx\u001b[39m=\u001b[32m\"5\"\u001b[39m\n      \u001b[33mcy\u001b[39m=\u001b[32m\"12\"\u001b[39m\n      \u001b[33mr\u001b[39m=\u001b[32m\"1\"\u001b[39m\n    \u001b[36m/>\u001b[39m\n  \u001b[36m</svg>\u001b[39m\n\u001b[36m</button>\u001b[39m\n\nIgnored nodes: comments, script, style\n\u001b[36m<button\u001b[39m\n  \u001b[33maria-label\u001b[39m=\u001b[32m\"Abrir acciones rápidas para Morales Huamán, Deysi\"\u001b[39m\n  \u001b[33mclass\u001b[39m=\u001b[32m\"inline-flex h-8 w-8 items-center justify-center rounded-lg border border-line bg-surface-0 text-ink-500 transition-colors hover:border-brand-500 hover:bg-brand-50 hover:text-brand-700 focus-visible:outline-none focus-visible:ring-2 focus-visible:ring-brand-500\"\u001b[39m\n  \u001b[33mtitle\u001b[39m=\u001b[32m\"Acciones rápidas\"\u001b[39m\n  \u001b[33mtype\u001b[39m=\u001b[32m\"button\"\u001b[39m\n\u001b[36m>\u001b[39m\n  \u001b[36m<svg\u001b[39m\n    \u001b[33maria-hidden\u001b[39m=\u001b[32m\"true\"\u001b[39m\n    \u001b[33mclass\u001b[39m=\u001b[32m\"lucide lucide-ellipsis h-4 w-4\"\u001b[39m\n    \u001b[33mfill\u001b[39m=\u001b[32m\"none\"\u001b[39m\n    \u001b[33mheight\u001b[39m=\u001b[32m\"24\"\u001b[39m\n    \u001b[33mstroke\u001b[39m=\u001b[32m\"currentColor\"\u001b[39m\n    \u001b[33mstroke-linecap\u001b[39m=\u001b[32m\"round\"\u001b[39m\n    \u001b[33mstroke-linejoin\u001b[39m=\u001b[32m\"round\"\u001b[39m\n    \u001b[33mstroke-width\u001b[39m=\u001b[32m\"2\"\u001b[39m\n    \u001b[33mviewBox\u001b[39m=\u001b[32m\"0 0 24 24\"\u001b[39m\n    \u001b[33mwidth\u001b[39m=\u001b[32m\"24\"\u001b[39m\n    \u001b[33mxmlns\u001b[39m=\u001b[32m\"http://www.w3.org/2000/svg\"\u001b[39m\n  \u001b[36m>\u001b[39m\n    \u001b[36m<circle\u001b[39m\n      \u001b[33mcx\u001b[39m=\u001b[32m\"12\"\u001b[39m\n      \u001b[33mcy\u001b[39m=\u001b[32m\"12\"\u001b[39m\n      \u001b[33mr\u001b[39m=\u001b[32m\"1\"\u001b[39m\n    \u001b[36m/>\u001b[39m\n    \u001b[36m<circle\u001b[39m\n      \u001b[33mcx\u001b[39m=\u001b[32m\"19\"\u001b[39m\n      \u001b[33mcy\u001b[39m=\u001b[32m\"12\"\u001b[39m\n      \u001b[33mr\u001b[39m=\u001b[32m\"1\"\u001b[39m\n    \u001b[36m/>\u001b[39m\n    \u001b[36m<circle\u001b[39m\n      \u001b[33mcx\u001b[39m=\u001b[32m\"5\"\u001b[39m\n      \u001b[33mcy\u001b[39m=\u001b[32m\"12\"\u001b[39m\n      \u001b[33mr\u001b[39m=\u001b[32m\"1\"\u001b[39m\n    \u001b[36m/>\u001b[39m\n  \u001b[36m</svg>\u001b[39m\n\u001b[36m</button>\u001b[39m\n\nIgnored nodes: comments, script, style\n\u001b[36m<button\u001b[39m\n  \u001b[33maria-label\u001b[39m=\u001b[32m\"Abrir acciones rápidas para Morales Shuan, Luz Marina\"\u001b[39m\n  \u001b[33mclass\u001b[39m=\u001b[32m\"inline-flex h-8 w-8 items-center justify-center rounded-lg border border-line bg-surface-0 text-ink-500 transition-colors hover:border-brand-500 hover:bg-brand-50 hover:text-brand-700 focus-visible:outline-none focus-visible:ring-2 focus-visible:ring-brand-500\"\u001b[39m\n  \u001b[33mtitle\u001b[39m=\u001b[32m\"Acciones rápidas\"\u001b[39m\n  \u001b[33mtype\u001b[39m=\u001b[32m\"button\"\u001b[39m\n\u001b[36m>\u001b[39m\n  \u001b[36m<svg\u001b[39m\n    \u001b[33maria-hidden\u001b[39m=\u001b[32m\"true\"\u001b[39m\n    \u001b[33mclass\u001b[39m=\u001b[32m\"lucide lucide-ellipsis h-4 w-4\"\u001b[39m\n    \u001b[33mfill\u001b[39m=\u001b[32m\"none\"\u001b[39m\n    \u001b[33mheight\u001b[39m=\u001b[32m\"24\"\u001b[39m\n    \u001b[33mstroke\u001b[39m=\u001b[32m\"currentColor\"\u001b[39m\n    \u001b[33mstroke-linecap\u001b[39m=\u001b[32m\"round\"\u001b[39m\n    \u001b[33mstroke-linejoin\u001b[39m=\u001b[32m\"round\"\u001b[39m\n    \u001b[33mstroke-width\u001b[39m=\u001b[32m\"2\"\u001b[39m\n    \u001b[33mviewBox\u001b[39m=\u001b[32m\"0 0 24 24\"\u001b[39m\n    \u001b[33mwidth\u001b[39m=\u001b[32m\"24\"\u001b[39m\n    \u001b[33mxmlns\u001b[39m=\u001b[32m\"http://www.w3.org/2000/svg\"\u001b[39m\n  \u001b[36m>\u001b[39m\n    \u001b[36m<circle\u001b[39m\n      \u001b[33mcx\u001b[39m=\u001b[32m\"12\"\u001b[39m\n      \u001b[33mcy\u001b[39m=\u001b[32m\"12\"\u001b[39m\n      \u001b[33mr\u001b[39m=\u001b[32m\"1\"\u001b[39m\n    \u001b[36m/>\u001b[39m\n    \u001b[36m<circle\u001b[39m\n      \u001b[33mcx\u001b[39m=\u001b[32m\"19\"\u001b[39m\n      \u001b[33mcy\u001b[39m=\u001b[32m\"12\"\u001b[39m\n      \u001b[33mr\u001b[39m=\u001b[32m\"1\"\u001b[39m\n    \u001b[36m/>\u001b[39m\n    \u001b[36m<circle\u001b[39m\n      \u001b[33mcx\u001b[39m=\u001b[32m\"5\"\u001b[39m\n      \u001b[33mcy\u001b[39m=\u001b[32m\"12\"\u001b[39m\n      \u001b[33mr\u001b[39m=\u001b[32m\"1\"\u001b[39m\n    \u001b[36m/>\u001b[39m\n  \u001b[36m</svg>\u001b[39m\n\u001b[36m</button>\u001b[39m\n\nIgnored nodes: comments, script, style\n\u001b[36m<button\u001b[39m\n  \u001b[33maria-label\u001b[39m=\u001b[32m\"Abrir acciones rápidas para Sánchez Melgarejo, Jhonatan\"\u001b[39m\n  \u001b[33mclass\u001b[39m=\u001b[32m\"inline-flex h-8 w-8 items-center justify-center rounded-lg border border-line bg-surface-0 text-ink-500 transition-colors hover:border-brand-500 hover:bg-brand-50 hover:text-brand-700 focus-visible:outline-none focus-visible:ring-2 focus-visible:ring-brand-500\"\u001b[39m\n  \u001b[33mtitle\u001b[39m=\u001b[32m\"Acciones rápidas\"\u001b[39m\n  \u001b[33mtype\u001b[39m=\u001b[32m\"button\"\u001b[39m\n\u001b[36m>\u001b[39m\n  \u001b[36m<svg\u001b[39m\n    \u001b[33maria-hidden\u001b[39m=\u001b[32m\"true\"\u001b[39m\n    \u001b[33mclass\u001b[39m=\u001b[32m\"lucide lucide-ellipsis h-4 w-4\"\u001b[39m\n    \u001b[33mfill\u001b[39m=\u001b[32m\"none\"\u001b[39m\n    \u001b[33mheight\u001b[39m=\u001b[32m\"24\"\u001b[39m\n    \u001b[33mstroke\u001b[39m=\u001b[32m\"currentColor\"\u001b[39m\n    \u001b[33mstroke-linecap\u001b[39m=\u001b[32m\"round\"\u001b[39m\n    \u001b[33mstroke-linejoin\u001b[39m=\u001b[32m\"round\"\u001b[39m\n    \u001b[33mstroke-width\u001b[39m=\u001b[32m\"2\"\u001b[39m\n    \u001b[33mviewBox\u001b[39m=\u001b[32m\"0 0 24 24\"\u001b[39m\n    \u001b[33mwidth\u001b[39m=\u001b[32m\"24\"\u001b[39m\n    \u001b[33mxmlns\u001b[39m=\u001b[32m\"http://www.w3.org/2000/svg\"\u001b[39m\n  \u001b[36m>\u001b[39m\n    \u001b[36m<circle\u001b[39m\n      \u001b[33mcx\u001b[39m=\u001b[32m\"12\"\u001b[39m\n      \u001b[33mcy\u001b[39m=\u001b[32m\"12\"\u001b[39m\n      \u001b[33mr\u001b[39m=\u001b[32m\"1\"\u001b[39m\n    \u001b[36m/>\u001b[39m\n    \u001b[36m<circle\u001b[39m\n      \u001b[33mcx\u001b[39m=\u001b[32m\"19\"\u001b[39m\n      \u001b[33mcy\u001b[39m=\u001b[32m\"12\"\u001b[39m\n      \u001b[33mr\u001b[39m=\u001b[32m\"1\"\u001b[39m\n    \u001b[36m/>\u001b[39m\n    \u001b[36m<circle\u001b[39m\n      \u001b[33mcx\u001b[39m=\u001b[32m\"5\"\u001b[39m\n      \u001b[33mcy\u001b[39m=\u001b[32m\"12\"\u001b[39m\n      \u001b[33mr\u001b[39m=\u001b[32m\"1\"\u001b[39m\n    \u001b[36m/>\u001b[39m\n  \u001b[36m</svg>\u001b[39m\n\u001b[36m</button>\u001b[39m\n\nIgnored nodes: comments, script, style\n\u001b[36m<button\u001b[39m\n  \u001b[33maria-label\u001b[39m=\u001b[32m\"Abrir acciones rápidas para Obregón Cerna, Estrella\"\u001b[39m\n  \u001b[33mclass\u001b[39m=\u001b[32m\"inline-flex h-8 w-8 items-center justify-center rounded-lg border border-line bg-surface-0 text-ink-500 transition-colors hover:border-brand-500 hover:bg-brand-50 hover:text-brand-700 focus-visible:outline-none focus-visible:ring-2 focus-visible:ring-brand-500\"\u001b[39m\n  \u001b[33mtitle\u001b[39m=\u001b[32m\"Acciones rápidas\"\u001b[39m\n  \u001b[33mtype\u001b[39m=\u001b[32m\"button\"\u001b[39m\n\u001b[36m>\u001b[39m\n  \u001b[36m<svg\u001b[39m\n    \u001b[33maria-hidden\u001b[39m=\u001b[32m\"true\"\u001b[39m\n    \u001b[33mclass\u001b[39m=\u001b[32m\"lucide lucide-ellipsis h-4 w-4\"\u001b[39m\n    \u001b[33mfill\u001b[39m=\u001b[32m\"none\"\u001b[39m\n    \u001b[33mheight\u001b[39m=\u001b[32m\"24\"\u001b[39m\n    \u001b[33mstroke\u001b[39m=\u001b[32m\"currentColor\"\u001b[39m\n    \u001b[33mstroke-linecap\u001b[39m=\u001b[32m\"round\"\u001b[39m\n    \u001b[33mstroke-linejoin\u001b[39m=\u001b[32m\"round\"\u001b[39m\n    \u001b[33mstroke-width\u001b[39m=\u001b[32m\"2\"\u001b[39m\n    \u001b[33mviewBox\u001b[39m=\u001b[32m\"0 0 24 24\"\u001b[39m\n    \u001b[33mwidth\u001b[39m=\u001b[32m\"24\"\u001b[39m\n    \u001b[33mxmlns\u001b[39m=\u001b[32m\"http://www.w3.org/2000/svg\"\u001b[39m\n  \u001b[36m>\u001b[39m\n    \u001b[36m<circle\u001b[39m\n      \u001b[33mcx\u001b[39m=\u001b[32m\"12\"\u001b[39m\n      \u001b[33mcy\u001b[39m=\u001b[32m\"12\"\u001b[39m\n      \u001b[33mr\u001b[39m=\u001b[32m\"1\"\u001b[39m\n    \u001b[36m/>\u001b[39m\n    \u001b[36m<circle\u001b[39m\n      \u001b[33mcx\u001b[39m=\u001b[32m\"19\"\u001b[39m\n      \u001b[33mcy\u001b[39m=\u001b[32m\"12\"\u001b[39m\n      \u001b[33mr\u001b[39m=\u001b[32m\"1\"\u001b[39m\n    \u001b[36m/>\u001b[39m\n    \u001b[36m<circle\u001b[39m\n      \u001b[33mcx\u001b[39m=\u001b[32m\"5\"\u001b[39m\n      \u001b[33mcy\u001b[39m=\u001b[32m\"12\"\u001b[39m\n      \u001b[33mr\u001b[39m=\u001b[32m\"1\"\u001b[39m\n    \u001b[36m/>\u001b[39m\n  \u001b[36m</svg>\u001b[39m\n\u001b[36m</button>\u001b[39m\n\nIgnored nodes: comments, script, style\n\u001b[36m<button\u001b[39m\n  \u001b[33maria-label\u001b[39m=\u001b[32m\"Abrir acciones rápidas para Minaya Norabuena, Luz Marina\"\u001b[39m\n  \u001b[33mclass\u001b[39m=\u001b[32m\"inline-flex h-8 w-8 items-center justify-center rounded-lg border border-line bg-surface-0 text-ink-500 transition-colors hover:border-brand-500 hover:bg-brand-50 hover:text-brand-700 focus-visible:outline-none focus-visible:ring-2 focus-visible:ring-brand-500\"\u001b[39m\n  \u001b[33mtitle\u001b[39m=\u001b[32m\"Acciones rápidas\"\u001b[39m\n  \u001b[33mtype\u001b[39m=\u001b[32m\"button\"\u001b[39m\n\u001b[36m>\u001b[39m\n  \u001b[36m<svg\u001b[39m\n    \u001b[33maria-hidden\u001b[39m=\u001b[32m\"true\"\u001b[39m\n    \u001b[33mclass\u001b[39m=\u001b[32m\"lucide lucide-ellipsis h-4 w-4\"\u001b[39m\n    \u001b[33mfill\u001b[39m=\u001b[32m\"none\"\u001b[39m\n    \u001b[33mheight\u001b[39m=\u001b[32m\"24\"\u001b[39m\n    \u001b[33mstroke\u001b[39m=\u001b[32m\"currentColor\"\u001b[39m\n    \u001b[33mstroke-linecap\u001b[39m=\u001b[32m\"round\"\u001b[39m\n    \u001b[33mstroke-linejoin\u001b[39m=\u001b[32m\"round\"\u001b[39m\n    \u001b[33mstroke-width\u001b[39m=\u001b[32m\"2\"\u001b[39m\n    \u001b[33mviewBox\u001b[39m=\u001b[32m\"0 0 24 24\"\u001b[39m\n    \u001b[33mwidth\u001b[39m=\u001b[32m\"24\"\u001b[39m\n    \u001b[33mxmlns\u001b[39m=\u001b[32m\"http://www.w3.org/2000/svg\"\u001b[39m\n  \u001b[36m>\u001b[39m\n    \u001b[36m<circle\u001b[39m\n      \u001b[33mcx\u001b[39m=\u001b[32m\"12\"\u001b[39m\n      \u001b[33mcy\u001b[39m=\u001b[32m\"12\"\u001b[39m\n      \u001b[33mr\u001b[39m=\u001b[32m\"1\"\u001b[39m\n    \u001b[36m/>\u001b[39m\n    \u001b[36m<circle\u001b[39m\n      \u001b[33mcx\u001b[39m=\u001b[32m\"19\"\u001b[39m\n      \u001b[33mcy\u001b[39m=\u001b[32m\"12\"\u001b[39m\n      \u001b[33mr\u001b[39m=\u001b[32m\"1\"\u001b[39m\n    \u001b[36m/>\u001b[39m\n    \u001b[36m<circle\u001b[39m\n      \u001b[33mcx\u001b[39m=\u001b[32m\"5\"\u001b[39m\n      \u001b[33mcy\u001b[39m=\u001b[32m\"12\"\u001b[39m\n      \u001b[33mr\u001b[39m=\u001b[32m\"1\"\u001b[39m\n    \u001b[36m/>\u001b[39m\n  \u001b[36m</svg>\u001b[39m\n\u001b[36m</button>\u001b[39m\n\nIgnored nodes: comments, script, style\n\u001b[36m<button\u001b[39m\n  \u001b[33maria-label\u001b[39m=\u001b[32m\"Abrir acciones rápidas para Camones Toledo, Milagros\"\u001b[39m\n  \u001b[33mclass\u001b[39m=\u001b[32m\"inline-flex h-8 w-8 items-center justify-center rounded-lg border border-line bg-surface-0 text-ink-500 transition-colors hover:border-brand-500 hover:bg-brand-50 hover:text-brand-700 focus-visible:outline-none focus-visible:ring-2 focus-visible:ring-brand-500\"\u001b[39m\n  \u001b[33mtitle\u001b[39m=\u001b[32m\"Acciones rápidas\"\u001b[39m\n  \u001b[33mtype\u001b[39m=\u001b[32m\"button\"\u001b[39m\n\u001b[36m>\u001b[39m\n  \u001b[36m<svg\u001b[39m\n    \u001b[33maria-hidden\u001b[39m=\u001b[32m\"true\"\u001b[39m\n    \u001b[33mclass\u001b[39m=\u001b[32m\"lucide lucide-ellipsis h-4 w-4\"\u001b[39m\n    \u001b[33mfill\u001b[39m=\u001b[32m\"none\"\u001b[39m\n    \u001b[33mheight\u001b[39m=\u001b[32m\"24\"\u001b[39m\n    \u001b[33mstroke\u001b[39m=\u001b[32m\"currentColor\"\u001b[39m\n    \u001b[33mstroke-linecap\u001b[39m=\u001b[32m\"round\"\u001b[39m\n    \u001b[33mstroke-linejoin\u001b[39m=\u001b[32m\"round\"\u001b[39m\n    \u001b[33mstroke-width\u001b[39m=\u001b[32m\"2\"\u001b[39m\n    \u001b[33mviewBox\u001b[39m=\u001b[32m\"0 0 24 24\"\u001b[39m\n    \u001b[33mwidth\u001b[39m=\u001b[32m\"24\"\u001b[39m\n    \u001b[33mxmlns\u001b[39m=\u001b[32m\"http://www.w3.org/2000/svg\"\u001b[39m\n  \u001b[36m>\u001b[39m\n    \u001b[36m<circle\u001b[39m\n      \u001b[33mcx\u001b[39m=\u001b[32m\"12\"\u001b[39m\n      \u001b[33mcy\u001b[39m=\u001b[32m\"12\"\u001b[39m\n      \u001b[33mr\u001b[39m=\u001b[32m\"1\"\u001b[39m\n    \u001b[36m/>\u001b[39m\n    \u001b[36m<circle\u001b[39m\n      \u001b[33mcx\u001b[39m=\u001b[32m\"19\"\u001b[39m\n      \u001b[33mcy\u001b[39m=\u001b[32m\"12\"\u001b[39m\n      \u001b[33mr\u001b[39m=\u001b[32m\"1\"\u001b[39m\n    \u001b[36m/>\u001b[39m\n    \u001b[36m<circle\u001b[39m\n      \u001b[33mcx\u001b[39m=\u001b[32m\"5\"\u001b[39m\n      \u001b[33mcy\u001b[39m=\u001b[32m\"12\"\u001b[39m\n      \u001b[33mr\u001b[39m=\u001b[32m\"1\"\u001b[39m\n    \u001b[36m/>\u001b[39m\n  \u001b[36m</svg>\u001b[39m\n\u001b[36m</button>\u001b[39m\n\nIgnored nodes: comments, script, style\n\u001b[36m<button\u001b[39m\n  \u001b[33maria-label\u001b[39m=\u001b[32m\"Abrir acciones rápidas para Figueroa Figueroa, Franklin\"\u001b[39m\n  \u001b[33mclass\u001b[39m=\u001b[32m\"inline-flex h-8 w-8 items-center justify-center rounded-lg border border-line bg-surface-0 text-ink-500 transition-colors hover:border-brand-500 hover:bg-brand-50 hover:text-brand-700 focus-visible:outline-none focus-visible:ring-2 focus-visible:ring-brand-500\"\u001b[39m\n  \u001b[33mtitle\u001b[39m=\u001b[32m\"Acciones rápidas\"\u001b[39m\n  \u001b[33mtype\u001b[39m=\u001b[32m\"button\"\u001b[39m\n\u001b[36m>\u001b[39m\n  \u001b[36m<svg\u001b[39m\n    \u001b[33maria-hidden\u001b[39m=\u001b[32m\"true\"\u001b[39m\n    \u001b[33mclass\u001b[39m=\u001b[32m\"lucide lucide-ellipsis h-4 w-4\"\u001b[39m\n    \u001b[33mfill\u001b[39m=\u001b[32m\"none\"\u001b[39m\n    \u001b[33mheight\u001b[39m=\u001b[32m\"24\"\u001b[39m\n    \u001b[33mstroke\u001b[39m=\u001b[32m\"currentColor\"\u001b[39m\n    \u001b[33mstroke-linecap\u001b[39m=\u001b[32m\"round\"\u001b[39m\n    \u001b[33mstroke-linejoin\u001b[39m=\u001b[32m\"round\"\u001b[39m\n    \u001b[33mstroke-width\u001b[39m=\u001b[32m\"2\"\u001b[39m\n    \u001b[33mviewBox\u001b[39m=\u001b[32m\"0 0 24 24\"\u001b[39m\n    \u001b[33mwidth\u001b[39m=\u001b[32m\"24\"\u001b[39m\n    \u001b[33mxmlns\u001b[39m=\u001b[32m\"http://www.w3.org/2000/svg\"\u001b[39m\n  \u001b[36m>\u001b[39m\n    \u001b[36m<circle\u001b[39m\n      \u001b[33mcx\u001b[39m=\u001b[32m\"12\"\u001b[39m\n      \u001b[33mcy\u001b[39m=\u001b[32m\"12\"\u001b[39m\n      \u001b[33mr\u001b[39m=\u001b[32m\"1\"\u001b[39m\n    \u001b[36m/>\u001b[39m\n    \u001b[36m<circle\u001b[39m\n      \u001b[33mcx\u001b[39m=\u001b[32m\"19\"\u001b[39m\n      \u001b[33mcy\u001b[39m=\u001b[32m\"12\"\u001b[39m\n      \u001b[33mr\u001b[39m=\u001b[32m\"1\"\u001b[39m\n    \u001b[36m/>\u001b[39m\n    \u001b[36m<circle\u001b[39m\n      \u001b[33mcx\u001b[39m=\u001b[32m\"5\"\u001b[39m\n      \u001b[33mcy\u001b[39m=\u001b[32m\"12\"\u001b[39m\n      \u001b[33mr\u001b[39m=\u001b[32m\"1\"\u001b[39m\n    \u001b[36m/>\u001b[39m\n  \u001b[36m</svg>\u001b[39m\n\u001b[36m</button>\u001b[39m\n\nIgnored nodes: comments, script, style\n\u001b[36m<button\u001b[39m\n  \u001b[33maria-label\u001b[39m=\u001b[32m\"Abrir acciones rápidas para Sánchez Paucar, Josué\"\u001b[39m\n  \u001b[33mclass\u001b[39m=\u001b[32m\"inline-flex h-8 w-8 items-center justify-center rounded-lg border border-line bg-surface-0 text-ink-500 transition-colors hover:border-brand-500 hover:bg-brand-50 hover:text-brand-700 focus-visible:outline-none focus-visible:ring-2 focus-visible:ring-brand-500\"\u001b[39m\n  \u001b[33mtitle\u001b[39m=\u001b[32m\"Acciones rápidas\"\u001b[39m\n  \u001b[33mtype\u001b[39m=\u001b[32m\"button\"\u001b[39m\n\u001b[36m>\u001b[39m\n  \u001b[36m<svg\u001b[39m\n    \u001b[33maria-hidden\u001b[39m=\u001b[32m\"true\"\u001b[39m\n    \u001b[33mclass\u001b[39m=\u001b[32m\"lucide lucide-ellipsis h-4 w-4\"\u001b[39m\n    \u001b[33mfill\u001b[39m=\u001b[32m\"none\"\u001b[39m\n    \u001b[33mheight\u001b[39m=\u001b[32m\"24\"\u001b[39m\n    \u001b[33mstroke\u001b[39m=\u001b[32m\"currentColor\"\u001b[39m\n    \u001b[33mstroke-linecap\u001b[39m=\u001b[32m\"round\"\u001b[39m\n    \u001b[33mstroke-linejoin\u001b[39m=\u001b[32m\"round\"\u001b[39m\n    \u001b[33mstroke-width\u001b[39m=\u001b[32m\"2\"\u001b[39m\n    \u001b[33mviewBox\u001b[39m=\u001b[32m\"0 0 24 24\"\u001b[39m\n    \u001b[33mwidth\u001b[39m=\u001b[32m\"24\"\u001b[39m\n    \u001b[33mxmlns\u001b[39m=\u001b[32m\"http://www.w3.org/2000/svg\"\u001b[39m\n  \u001b[36m>\u001b[39m\n    \u001b[36m<circle\u001b[39m\n      \u001b[33mcx\u001b[39m=\u001b[32m\"12\"\u001b[39m\n      \u001b[33mcy\u001b[39m=\u001b[32m\"12\"\u001b[39m\n      \u001b[33mr\u001b[39m=\u001b[32m\"1\"\u001b[39m\n    \u001b[36m/>\u001b[39m\n    \u001b[36m<circle\u001b[39m\n      \u001b[33mcx\u001b[39m=\u001b[32m\"19\"\u001b[39m\n      \u001b[33mcy\u001b[39m=\u001b[32m\"12\"\u001b[39m\n      \u001b[33mr\u001b[39m=\u001b[32m\"1\"\u001b[39m\n    \u001b[36m/>\u001b[39m\n    \u001b[36m<circle\u001b[39m\n      \u001b[33mcx\u001b[39m=\u001b[32m\"5\"\u001b[39m\n      \u001b[33mcy\u001b[39m=\u001b[32m\"12\"\u001b[39m\n      \u001b[33mr\u001b[39m=\u001b[32m\"1\"\u001b[39m\n    \u001b[36m/>\u001b[39m\n  \u001b[36m</svg>\u001b[39m\n\u001b[36m</button>\u001b[39m\n\nIgnored nodes: comments, script, style\n\u001b[36m<button\u001b[39m\n  \u001b[33maria-label\u001b[39m=\u001b[32m\"Abrir acciones rápidas para Villanueva Melgarejo, Fiorella\"\u001b[39m\n  \u001b[33mclass\u001b[39m=\u001b[32m\"inline-flex h-8 w-8 items-center justify-center rounded-lg border border-line bg-surface-0 text-ink-500 transition-colors hover:border-brand-500 hover:bg-brand-50 hover:text-brand-700 focus-visible:outline-none focus-visible:ring-2 focus-visible:ring-brand-500\"\u001b[39m\n  \u001b[33mtitle\u001b[39m=\u001b[32m\"Acciones rápidas\"\u001b[39m\n  \u001b[33mtype\u001b[39m=\u001b[32m\"button\"\u001b[39m\n\u001b[36m>\u001b[39m\n  \u001b[36m<svg\u001b[39m\n    \u001b[33maria-hidden\u001b[39m=\u001b[32m\"true\"\u001b[39m\n    \u001b[33mclass\u001b[39m=\u001b[32m\"lucide lucide-ellipsis h-4 w-4\"\u001b[39m\n    \u001b[33mfill\u001b[39m=\u001b[32m\"none\"\u001b[39m\n    \u001b[33mheight\u001b[39m=\u001b[32m\"24\"\u001b[39m\n    \u001b[33mstroke\u001b[39m=\u001b[32m\"currentColor\"\u001b[39m\n    \u001b[33mstroke-linecap\u001b[39m=\u001b[32m\"round\"\u001b[39m\n    \u001b[33mstroke-linejoin\u001b[39m=\u001b[32m\"round\"\u001b[39m\n    \u001b[33mstroke-width\u001b[39m=\u001b[32m\"2\"\u001b[39m\n    \u001b[33mviewBox\u001b[39m=\u001b[32m\"0 0 24 24\"\u001b[39m\n    \u001b[33mwidth\u001b[39m=\u001b[32m\"24\"\u001b[39m\n    \u001b[33mxmlns\u001b[39m=\u001b[32m\"http://www.w3.org/2000/svg\"\u001b[39m\n  \u001b[36m>\u001b[39m\n    \u001b[36m<circle\u001b[39m\n      \u001b[33mcx\u001b[39m=\u001b[32m\"12\"\u001b[39m\n      \u001b[33mcy\u001b[39m=\u001b[32m\"12\"\u001b[39m\n      \u001b[33mr\u001b[39m=\u001b[32m\"1\"\u001b[39m\n    \u001b[36m/>\u001b[39m\n    \u001b[36m<circle\u001b[39m\n      \u001b[33mcx\u001b[39m=\u001b[32m\"19\"\u001b[39m\n      \u001b[33mcy\u001b[39m=\u001b[32m\"12\"\u001b[39m\n      \u001b[33mr\u001b[39m=\u001b[32m\"1\"\u001b[39m\n    \u001b[36m/>\u001b[39m\n    \u001b[36m<circle\u001b[39m\n      \u001b[33mcx\u001b[39m=\u001b[32m\"5\"\u001b[39m\n      \u001b[33mcy\u001b[39m=\u001b[32m\"12\"\u001b[39m\n      \u001b[33mr\u001b[39m=\u001b[32m\"1\"\u001b[39m\n    \u001b[36m/>\u001b[39m\n  \u001b[36m</svg>\u001b[39m\n\u001b[36m</button>\u001b[39m\n\nIgnored nodes: comments, script, style\n\u001b[36m<button\u001b[39m\n  \u001b[33maria-label\u001b[39m=\u001b[32m\"Abrir acciones rápidas para Tarazona Lliuya, Franklin\"\u001b[39m\n  \u001b[33mclass\u001b[39m=\u001b[32m\"inline-flex h-8 w-8 items-center justify-center rounded-lg border border-line bg-surface-0 text-ink-500 transition-colors hover:border-brand-500 hover:bg-brand-50 hover:text-brand-700 focus-visible:outline-none focus-visible:ring-2 focus-visible:ring-brand-500\"\u001b[39m\n  \u001b[33mtitle\u001b[39m=\u001b[32m\"Acciones rápidas\"\u001b[39m\n  \u001b[33mtype\u001b[39m=\u001b[32m\"button\"\u001b[39m\n\u001b[36m>\u001b[39m\n  \u001b[36m<svg\u001b[39m\n    \u001b[33maria-hidden\u001b[39m=\u001b[32m\"true\"\u001b[39m\n    \u001b[33mclass\u001b[39m=\u001b[32m\"lucide lucide-ellipsis h-4 w-4\"\u001b[39m\n    \u001b[33mfill\u001b[39m=\u001b[32m\"none\"\u001b[39m\n    \u001b[33mheight\u001b[39m=\u001b[32m\"24\"\u001b[39m\n    \u001b[33mstroke\u001b[39m=\u001b[32m\"currentColor\"\u001b[39m\n    \u001b[33mstroke-linecap\u001b[39m=\u001b[32m\"round\"\u001b[39m\n    \u001b[33mstroke-linejoin\u001b[39m=\u001b[32m\"round\"\u001b[39m\n    \u001b[33mstroke-width\u001b[39m=\u001b[32m\"2\"\u001b[39m\n    \u001b[33mviewBox\u001b[39m=\u001b[32m\"0 0 24 24\"\u001b[39m\n    \u001b[33mwidth\u001b[39m=\u001b[32m\"24\"\u001b[39m\n    \u001b[33mxmlns\u001b[39m=\u001b[32m\"http://www.w3.org/2000/svg\"\u001b[39m\n  \u001b[36m>\u001b[39m\n    \u001b[36m<circle\u001b[39m\n      \u001b[33mcx\u001b[39m=\u001b[32m\"12\"\u001b[39m\n      \u001b[33mcy\u001b[39m=\u001b[32m\"12\"\u001b[39m\n      \u001b[33mr\u001b[39m=\u001b[32m\"1\"\u001b[39m\n    \u001b[36m/>\u001b[39m\n    \u001b[36m<circle\u001b[39m\n      \u001b[33mcx\u001b[39m=\u001b[32m\"19\"\u001b[39m\n      \u001b[33mcy\u001b[39m=\u001b[32m\"12\"\u001b[39m\n      \u001b[33mr\u001b[39m=\u001b[32m\"1\"\u001b[39m\n    \u001b[36m/>\u001b[39m\n    \u001b[36m<circle\u001b[39m\n      \u001b[33mcx\u001b[39m=\u001b[32m\"5\"\u001b[39m\n      \u001b[33mcy\u001b[39m=\u001b[32m\"12\"\u001b[39m\n      \u001b[33mr\u001b[39m=\u001b[32m\"1\"\u001b[39m\n    \u001b[36m/>\u001b[39m\n  \u001b[36m</svg>\u001b[39m\n\u001b[36m</button>\u001b[39m\n\nIgnored nodes: comments, script, style\n\u001b[36m<button\u001b[39m\n  \u001b[33maria-label\u001b[39m=\u001b[32m\"Abrir acciones rápidas para Morales Rosales, Piero\"\u001b[39m\n  \u001b[33mclass\u001b[39m=\u001b[32m\"inline-flex h-8 w-8 items-center justify-center rounded-lg border border-line bg-surface-0 text-ink-500 transition-colors hover:border-brand-500 hover:bg-brand-50 hover:text-brand-700 focus-visible:outline-none focus-visible:ring-2 focus-visible:ring-brand-500\"\u001b[39m\n  \u001b[33mtitle\u001b[39m=\u001b[32m\"Acciones rápidas\"\u001b[39m\n  \u001b[33mtype\u001b[39m=\u001b[32m\"button\"\u001b[39m\n\u001b[36m>\u001b[39m\n  \u001b[36m<svg\u001b[39m\n    \u001b[33maria-hidden\u001b[39m=\u001b[32m\"true\"\u001b[39m\n    \u001b[33mclass\u001b[39m=\u001b[32m\"lucide lucide-ellipsis h-4 w-4\"\u001b[39m\n    \u001b[33mfill\u001b[39m=\u001b[32m\"none\"\u001b[39m\n    \u001b[33mheight\u001b[39m=\u001b[32m\"24\"\u001b[39m\n    \u001b[33mstroke\u001b[39m=\u001b[32m\"currentColor\"\u001b[39m\n    \u001b[33mstroke-linecap\u001b[39m=\u001b[32m\"round\"\u001b[39m\n    \u001b[33mstroke-linejoin\u001b[39m=\u001b[32m\"round\"\u001b[39m\n    \u001b[33mstroke-width\u001b[39m=\u001b[32m\"2\"\u001b[39m\n    \u001b[33mviewBox\u001b[39m=\u001b[32m\"0 0 24 24\"\u001b[39m\n    \u001b[33mwidth\u001b[39m=\u001b[32m\"24\"\u001b[39m\n    \u001b[33mxmlns\u001b[39m=\u001b[32m\"http://www.w3.org/2000/svg\"\u001b[39m\n  \u001b[36m>\u001b[39m\n    \u001b[36m<circle\u001b[39m\n      \u001b[33mcx\u001b[39m=\u001b[32m\"12\"\u001b[39m\n      \u001b[33mcy\u001b[39m=\u001b[32m\"12\"\u001b[39m\n      \u001b[33mr\u001b[39m=\u001b[32m\"1\"\u001b[39m\n    \u001b[36m/>\u001b[39m\n    \u001b[36m<circle\u001b[39m\n      \u001b[33mcx\u001b[39m=\u001b[32m\"19\"\u001b[39m\n      \u001b[33mcy\u001b[39m=\u001b[32m\"12\"\u001b[39m\n      \u001b[33mr\u001b[39m=\u001b[32m\"1\"\u001b[39m\n    \u001b[36m/>\u001b[39m\n    \u001b[36m<circle\u001b[39m\n      \u001b[33mcx\u001b[39m=\u001b[32m\"5\"\u001b[39m\n      \u001b[33mcy\u001b[39m=\u001b[32m\"12\"\u001b[39m\n      \u001b[33mr\u001b[39m=\u001b[32m\"1\"\u001b[39m\n    \u001b[36m/>\u001b[39m\n  \u001b[36m</svg>\u001b[39m\n\u001b[36m</button>\u001b[39m\n\n(If this is intentional, then use the `*AllBy*` variant of the query (like `queryAllByText`, `getAllByText`, or `findAllByText`)).\n\nIgnored nodes: comments, script, style\n\u001b[36m<body>\u001b[39m\n  \u001b[36m<div>\u001b[39m\n    \u001b[36m<div\u001b[39m\n      \u001b[33mclass\u001b[39m=\u001b[32m\"flex flex-col gap-5\"\u001b[39m\n    \u001b[36m>\u001b[39m\n      \u001b[36m<header>\u001b[39m\n        \u001b[36m<h1\u001b[39m\n          \u001b[33mclass\u001b[39m=\u001b[32m\"text-2xl font-bold text-ink-900 md:text-3xl\"\u001b[39m\n        \u001b[36m>\u001b[39m\n          \u001b[0mEstudiantes\u001b[0m\n        \u001b[36m</h1>\u001b[39m\n        \u001b[36m<p\u001b[39m\n          \u001b[33mclass\u001b[39m=\u001b[32m\"mt-1 text-sm text-ink-500\"\u001b[39m\n        \u001b[36m>\u001b[39m\n          \u001b[0mCada estudiante se identifica por su código del sistema, no por el número de lista.\u001b[0m\n        \u001b[36m</p>\u001b[39m\n      \u001b[36m</header>\u001b[39m\n      \u001b[36m<div\u001b[39m\n        \u001b[33mclass\u001b[39m=\u001b[32m\"flex flex-wrap items-center justify-between gap-3 rounded-xl border border-line bg-surface-0 p-4 shadow-card\"\u001b[39m\n      \u001b[36m>\u001b[39m\n        \u001b[36m<div>\u001b[39m\n          \u001b[36m<p\u001b[39m\n            \u001b[33mclass\u001b[39m=\u001b[32m\"text-sm font-semibold text-ink-900\"\u001b[39m\n          \u001b[36m>\u001b[39m\n            \u001b[0mVer otros colegios (solo lectura)\u001b[0m\n          \u001b[36m</p>\u001b[39m\n          \u001b[36m<p\u001b[39m\n            \u001b[33mclass\u001b[39m=\u001b[32m\"text-xs text-ink-500\"\u001b[39m\n          \u001b[36m>\u001b[39m\n            \u001b[0mPor defecto solo aparecen los colegios que tiene asignados en el periodo vigente.\u001b[0m\n          \u001b[36m</p>\u001b[39m\n        \u001b[36m</div>\u001b[39m\n        \u001b[36m<button\u001b[39m\n          \u001b[33maria-checked\u001b[39m=\u001b[32m\"false\"\u001b[39m\n          \u001b[33maria-label\u001b[39m=\u001b[32m\"Ver otros colegios en modo consulta\"\u001b[39m\n          \u001b[33mclass\u001b[39m=\u001b[32m\"relative inline-flex h-6 w-11 shrink-0 items-center rounded-full border transition-colors focus-visible:outline-none focus-visible:ring-2 focus-visible:ring-brand-500 focus-visible:ring-offset-1 disabled:cursor-not-allowed disabled:opacity-50 border-line-strong bg-surface-100\"\u001b[39m\n          \u001b[33mrole\u001b[39m=\u001b[32m\"switch\"\u001b[39m\n          \u001b[33mtype\u001b[39m=\u001b[32m\"button\"\u001b[39m\n        \u001b[36m>\u001b[39m\n          \u001b[36m<span\u001b[39m\n            \u001b[33maria-hidden\u001b[39m=\u001b[32m\"true\"\u001b[39m\n            \u001b[33mclass\u001b[39m=\u001b[32m\"inline-block h-4 w-4 transform rounded-full bg-surface-0 shadow transition-transform translate-x-1\"\u001b[39m\n          \u001b[36m/>\u001b[39m\n        \u001b[36m</button>\u001b[39m\n      \u001b[36m</div>\u001b[39m\n      \u001b[36m<div\u001b[39m\n        \u001b[33mclass\u001b[39m=\u001b[32m\"flex items-center gap-2\"\u001b[39m\n      \u001b[36m>\u001b[39m\n        \u001b[36m<div\u001b[39m\n          \u001b[33mclass\u001b[39m=\u001b[32m\"relative min-w-0 flex-1 lg:max-w-xs\"\u001b[39m\n        \u001b[36m>\u001b[39m\n          \u001b[36m<svg\u001b[39m\n            \u001b[33maria-hidden\u001b[39m=\u001b[32m\"true\"\u001b[39m\n            \u001b[33mclass\u001b[39m=\u001b[32m\"lucide lucide-search pointer-events-none absolute left-3 top-1/2 h-4 w-4 -translate-y-1/2 text-ink-400\"\u001b[39m\n            \u001b[33mfill\u001b[39m=\u001b[32m\"none\"\u001b[39m\n            \u001b[33mheight\u001b[39m=\u001b[32m\"24\"\u001b[39m\n            \u001b[33mstroke\u001b[39m=\u001b[32m\"currentColor\"\u001b[39m\n            \u001b[33mstroke-linecap\u001b[39m=\u001b[32m\"round\"\u001b[39m\n            \u001b[33mstroke-linejoin\u001b[39m=\u001b[32m\"round\"\u001b[39m\n            \u001b[33mstroke-width\u001b[39m=\u001b[32m\"2\"\u001b[39m\n            \u001b[33mviewBox\u001b[39m=\u001b[32m\"0 0 24 24\"\u001b[39m\n            \u001b[33mwidth\u001b[39m=\u001b[32m\"24\"\u001b[39m\n            \u001b[33mxmlns\u001b[39m=\u001b[32m\"http://www.w3.org/2000/svg\"\u001b[39m\n          \u001b[36m>\u001b[39m\n            \u001b[36m<circle\u001b[39m\n              \u001b[33mcx\u001b[39m=\u001b[32m\"11\"\u001b[39m\n              \u001b[33mcy\u001b[39m=\u001b[32m\"11\"\u001b[39m\n              \u001b[33mr\u001b[39m=\u001b[32m\"8\"\u001b[39m\n            \u001b[36m/>\u001b[39m\n            \u001b[36m<path\u001b[39m\n              \u001b[33md\u001b[39m=\u001b[32m\"m21 21-4.3-4.3\"\u001b[39m\n            \u001b[36m/>\u001b[39m\n          \u001b[36m</svg>\u001b[39m\n          \u001b[36m<input\u001b[39m\n            \u001b[33maria-label\u001b[39m=\u001b[32m\"Buscar por nombre o código\"\u001b[39m\n            \u001b[33mclass\u001b[39m=\u001b[32m\"h-10 w-full rounded-lg border border-line-strong bg-surface-0 pl-9 pr-3 text-sm text-ink-900 placeholder:text-ink-400 focus-visible:outline-none focus-visible:ring-2 focus-visible:ring-brand-500 focus-visible:ring-offset-1\"\u001b[39m\n            \u001b[33mplaceholder\u001b[39m=\u001b[32m\"Buscar por nombre o código\"\u001b[39m\n            \u001b[33mtype\u001b[39m=\u001b[32m\"search\"\u001b[39m\n            \u001b[33mvalue\u001b[39m=\u001b[32m\"\"\u001b[39m\n          \u001b[36m/>\u001b[39m\n        \u001b[36m</div>\u001b[39m\n        \u001b[36m<button\u001b[39m\n          \u001b[33mclass\u001b[39m=\u001b[32m\"inline-flex items-center justify-center rounded-lg font-semibold transition-colors focus-visible:outline-none focus-visible:ring-2 focus-visible:ring-brand-500 focus-visible:ring-offset-1 disabled:cursor-not-allowed disabled:opacity-60 border border-line-strong bg-surface-0 text-ink-700 hover:bg-surface-50 h-10 px-4 text-sm gap-2 shrink-0\"\u001b[39m\n          \u001b[33mtype\u001b[39m=\u001b[32m\"button\"\u001b[39m\n        \u001b[36m>\u001b[39m\n          \u001b[36m<svg\u001b[39m\n            \u001b[33maria-hidden\u001b[39m=\u001b[32m\"true\"\u001b[39m\n            \u001b[33mclass\u001b[39m=\u001b[32m\"lucide lucide-sliders-horizontal h-4 w-4 shrink-0\"\u001b[39m\n            \u001b[33mfill\u001b[39m=\u001b[32m\"none\"\u001b[39m\n            \u001b[33mheight\u001b[39m=\u001b[32m\"24\"\u001b[39m\n            \u001b[33mstroke\u001b[39m=\u001b[32m\"currentColor\"\u001b[39m\n            \u001b[33mstroke-linecap\u001b[39m=\u001b[32m\"round\"\u001b[39m\n            \u001b[33mstroke-linejoin\u001b[39m=\u001b[32m\"round\"\u001b[39m\n            \u001b[33mstroke-width\u001b[39m=\u001b[32m\"2\"\u001b[39m\n            \u001b[33mviewBox\u001b[39m=\u001b[32m\"0 0 24 24\"\u001b[39m\n            \u001b[33mwidth\u001b[39m=\u001b[32m\"24\"\u001b[39m\n            \u001b[33mxmlns\u001b[39m=\u001b[32m\"http://www.w3.org/2000/svg\"\u001b[39m\n          \u001b[36m>\u001b[39m\n            \u001b[36m<line\u001b[39m\n              \u001b[33mx1\u001b[39m=\u001b[32m\"21\"\u001b[39m\n              \u001b[33mx2\u001b[39m=\u001b[32m\"14\"\u001b[39m\n              \u001b[33my1\u001b[39m=\u001b[32m\"4\"\u001b[39m\n              \u001b[33my2\u001b[39m=\u001b[32m\"4\"\u001b[39m\n            \u001b[36m/>\u001b[39m\n            \u001b[36m<line\u001b[39m\n              \u001b[33mx1\u001b[39m=\u001b[32m\"10\"\u001b[39m\n              \u001b[33mx2\u001b[39m=\u001b[32m\"3\"\u001b[39m\n              \u001b[33my1\u001b[39m=\u001b[32m\"4\"\u001b[39m\n              \u001b[33my2\u001b[39m=\u001b[32m\"4\"\u001b[39m\n            \u001b[36m/>\u001b[39m\n            \u001b[36m<line\u001b[39m\n              \u001b[33mx1\u001b[39m=\u001b[32m\"21\"\u001b[39m\n              \u001b[33mx2\u001b[39m=\u001b[32m\"12\"\u001b[39m\n              \u001b[33my1\u001b[39m=\u001b[32m\"12\"\u001b[39m\n              \u001b[33my2\u001b[39m=\u001b[32m\"12\"\u001b[39m\n            \u001b[36m/>\u001b[39m\n            \u001b[36m<line\u001b[39m\n              \u001b[33mx1\u001b[39m=\u001b[32m\"8\"\u001b[39m\n              \u001b[33mx2\u001b[39m=\u001b[32m\"3\"\u001b[39m\n              \u001b[33my1\u001b[39m=\u001b[32m\"12\"\u001b[39m\n              \u001b[33my2\u001b[39m=\u001b[32m\"12\"\u001b[39m\n            \u001b[36m/>\u001b[39m\n            \u001b[36m<line\u001b[39m\n              \u001b[33mx1\u001b[39m=\u001b[32m\"21\"\u001b[39m\n              \u001b[33mx2\u001b[39m=\u001b[32m\"16\"\u001b[39m\n              \u001b[33my1\u001b[39m=\u001b[32m\"20\"\u001b[39m\n              \u001b[33my2\u001b[39m=\u001b[32m\"20\"\u001b[39m\n            \u001b[36m/>\u001b[39m\n            \u001b[36m<line\u001b[39m\n              \u001b[33mx1\u001b[39m=\u001b[32m\"12\"\u001b[39m\n              \u001b[33mx2\u001b[39m=\u001b[32m\"3\"\u001b[39m\n              \u001b[33my1\u001b[39m=\u001b[32m\"20\"\u001b[39m\n              \u001b[33my2\u001b[39m=\u001b[32m\"20\"\u001b[39m\n            \u001b[36m/>\u001b[39m\n            \u001b[36m<line\u001b[39m\n              \u001b[33mx1\u001b[39m=\u001b[32m\"14\"\u001b[39m\n              \u001b[33mx2\u001b[39m=\u001b[32m\"14\"\u001b[39m\n              \u001b[33my1\u001b[39m=\u001b[32m\"2\"\u001b[39m\n              \u001b[33my2\u001b[39m=\u001b[32m\"6\"\u001b[39m\n            \u001b[36m/>\u001b[39m\n            \u001b[36m<line\u001b[39m\n              \u001b[33mx1\u001b[39m=\u001b[32m\"8\"\u001b[39m\n              \u001b[33mx2\u001b[39m=\u001b[32m\"8\"\u001b[39m\n              \u001b[33my1\u001b[39m=\u001b[32m\"10\"\u001b[39m\n              \u001b[33my2\u001b[39m=\u001b[32m\"14\"\u001b[39m\n            \u001b[36m/>\u001b[39m\n            \u001b[36m<line\u001b[39m\n              \u001b[33mx1\u001b[39m=\u001b[32m\"16\"\u001b[39m\n              \u001b[33mx2\u001b[39m=\u001b[32m\"16\"\u001b[39m\n              \u001b[33my1\u001b[39m=\u001b[32m\"18\"\u001b[39m\n              \u001b[33my2\u001b[39m=\u001b[32m\"22\"\u001b[39m\n       ...\n    at waitForWrapper (C:\\Users\\PC Antonio\\Downloads\\FRONTEND\\node_modules\\@testing-library\\dom\\dist\\wait-for.js:163:27)\n    at C:\\Users\\PC Antonio\\Downloads\\FRONTEND\\node_modules\\@testing-library\\dom\\dist\\query-helpers.js:86:33\n    at C:\\Users\\PC Antonio\\Downloads\\FRONTEND\\src\\features\\__tests__\\accionesRapidas.test.jsx:34:20\n    at file:///C:/Users/PC%20Antonio/Downloads/FRONTEND/node_modules/@vitest/runner/dist/index.js:146:14\n    at file:///C:/Users/PC%20Antonio/Downloads/FRONTEND/node_modules/@vitest/runner/dist/index.js:533:11\n    at runWithTimeout (file:///C:/Users/PC%20Antonio/Downloads/FRONTEND/node_modules/@vitest/runner/dist/index.js:39:7)\n    at runTest (file:///C:/Users/PC%20Antonio/Downloads/FRONTEND/node_modules/@vitest/runner/dist/index.js:1056:17)\n    at processTicksAndRejections (node:internal/process/task_queues:95:5)\n    at runSuite (file:///C:/Users/PC%20Antonio/Downloads/FRONTEND/node_modules/@vitest/runner/dist/index.js:1205:15)\n    at runSuite (file:///C:/Users/PC%20Antonio/Downloads/FRONTEND/node_modules/@vitest/runner/dist/index.js:1205:15)"],"meta":{}}],"startTime":1790145358538,"endTime":1790145359615.0835,"status":"failed","message":"","name":"C:/Users/PC Antonio/Downloads/FRONTEND/src/features/__tests__/accionesRapidas.test.jsx"}]}